abr 04, 2025 9:26:36 A. M. es.sauces.ejercico4.vehiculos.App_AgenciaAlquiler main
ADVERTENCIA: 0Opcion escogida:
abr 04, 2025 9:26:54 A. M. es.sauces.ejercico4.vehiculos.App_AgenciaAlquiler main
ADVERTENCIA: 1Opcion escogida:
abr 08, 2025 12:30:29 P. M. es.sauces.ejercico4.vehiculos.App_AgenciaAlquiler main
ADVERTENCIA: 1Opcion escogida:
abr 08, 2025 12:30:39 P. M. es.sauces.ejercico4.vehiculos.Vehiculo <init>
ADVERTENCIA: La matricula no es valida1234
abr 08, 2025 12:30:39 P. M. es.sauces.ejercico4.vehiculos.App_AgenciaAlquiler main
ADVERTENCIA: [es.sauces.ejercico4.vehiculos.Vehiculo.<init>(Vehiculo.java:38), es.sauces.ejercico4.vehiculos.Turismo.<init>(Turismo.java:39), es.sauces.ejercico4.vehiculos.App_AgenciaAlquiler.main(App_AgenciaAlquiler.java:69)]
abr 08, 2025 12:31:14 P. M. es.sauces.ejercico4.vehiculos.App_AgenciaAlquiler main
ADVERTENCIA: 1Opcion escogida:
abr 08, 2025 12:31:27 P. M. es.sauces.ejercico4.vehiculos.Vehiculo <init>
ADVERTENCIA: La matricula no es valida910PRC
abr 08, 2025 12:31:27 P. M. es.sauces.ejercico4.vehiculos.App_AgenciaAlquiler main
ADVERTENCIA: [es.sauces.ejercico4.vehiculos.Vehiculo.<init>(Vehiculo.java:38), es.sauces.ejercico4.vehiculos.Turismo.<init>(Turismo.java:39), es.sauces.ejercico4.vehiculos.App_AgenciaAlquiler.main(App_AgenciaAlquiler.java:69)]
abr 08, 2025 12:32:06 P. M. es.sauces.ejercico4.vehiculos.App_AgenciaAlquiler main
ADVERTENCIA: 1Opcion escogida:
abr 08, 2025 12:32:34 P. M. es.sauces.ejercico4.vehiculos.App_AgenciaAlquiler main
ADVERTENCIA: 10Opcion escogida:
abr 08, 2025 12:32:48 P. M. es.sauces.ejercico4.vehiculos.App_AgenciaAlquiler main
ADVERTENCIA: 11Opcion escogida:
abr 08, 2025 12:39:49 P. M. es.sauces.ejercico4.vehiculos.App_AgenciaAlquiler main
ADVERTENCIA: 11Opcion escogida:
abr 08, 2025 12:46:21 P. M. es.sauces.ejercico4.vehiculos.App_AgenciaAlquiler main
ADVERTENCIA: 11Opcion escogida:
abr 09, 2025 10:14:37 A. M. es.sauces.ejercico4.vehiculos.App_AgenciaAlquiler main
ADVERTENCIA: 1Opcion escogida:
abr 09, 2025 10:15:11 A. M. es.sauces.ejercico4.vehiculos.App_AgenciaAlquiler main
ADVERTENCIA: 10Opcion escogida:
abr 09, 2025 10:15:23 A. M. es.sauces.ejercico4.vehiculos.App_AgenciaAlquiler main
ADVERTENCIA: 11Opcion escogida:
may 13, 2025 12:24:39 P. M. es.sauces.ejercico4.vehiculos.App_AgenciaAlquiler main
ADVERTENCIA: 11Opcion escogida:
may 13, 2025 12:25:22 P. M. es.sauces.ejercico4.vehiculos.App_AgenciaAlquiler main
ADVERTENCIA: 11Opcion escogida:
