feb 24, 2025 11:50:10 A. M. es.sauces.ejercico4.sistemas_nominas.App_nominas main
INFORMACIÓN: Opcion elegida
feb 24, 2025 11:50:18 A. M. es.sauces.ejercico4.sistemas_nominas.Dni valueOf
ADVERTENCIA: aFormato dni incorrecto
feb 24, 2025 11:50:21 A. M. es.sauces.ejercico4.sistemas_nominas.App_nominas main
INFORMACIÓN: Opcion elegida
feb 24, 2025 11:51:28 A. M. es.sauces.ejercico4.sistemas_nominas.App_nominas main
INFORMACIÓN: Opcion elegida:6
feb 24, 2025 11:51:30 A. M. es.sauces.ejercico4.sistemas_nominas.App_nominas main
INFORMACIÓN: Opcion elegida:0
mar 31, 2025 12:17:02 P. M. es.sauces.ejercico4.sistemas_nominas.App_nominas main
INFORMACIÓN: Opcion elegida:7
mar 31, 2025 12:22:47 P. M. es.sauces.ejercico4.sistemas_nominas.App_nominas main
INFORMACIÓN: Opcion elegida:0
mar 31, 2025 12:27:36 P. M. es.sauces.ejercico4.sistemas_nominas.App_nominas main
INFORMACIÓN: Opcion elegida:8
mar 31, 2025 12:28:20 P. M. es.sauces.ejercico4.sistemas_nominas.App_nominas main
INFORMACIÓN: Opcion elegida:8
mar 31, 2025 12:28:43 P. M. es.sauces.ejercico4.sistemas_nominas.App_nominas main
INFORMACIÓN: Opcion elegida:8
mar 31, 2025 12:30:47 P. M. es.sauces.ejercico4.sistemas_nominas.App_nominas main
INFORMACIÓN: Opcion elegida:1
mar 31, 2025 12:31:04 P. M. es.sauces.ejercico4.sistemas_nominas.App_nominas main
INFORMACIÓN: Opcion elegida:1
mar 31, 2025 12:31:24 P. M. es.sauces.ejercico4.sistemas_nominas.App_nominas main
INFORMACIÓN: Opcion elegida:7
mar 31, 2025 12:33:23 P. M. es.sauces.ejercico4.sistemas_nominas.App_nominas main
INFORMACIÓN: Opcion elegida:0
mar 31, 2025 12:35:26 P. M. es.sauces.ejercico4.sistemas_nominas.App_nominas main
INFORMACIÓN: Opcion elegida:8
mar 31, 2025 12:36:46 P. M. es.sauces.ejercico4.sistemas_nominas.App_nominas main
INFORMACIÓN: Opcion elegida:1
mar 31, 2025 12:37:01 P. M. es.sauces.ejercico4.sistemas_nominas.App_nominas main
INFORMACIÓN: Opcion elegida:7
mar 31, 2025 12:37:18 P. M. es.sauces.ejercico4.sistemas_nominas.App_nominas main
INFORMACIÓN: Opcion elegida:8
mar 31, 2025 12:38:24 P. M. es.sauces.ejercico4.sistemas_nominas.App_nominas main
INFORMACIÓN: Opcion elegida:8
mar 31, 2025 12:39:53 P. M. es.sauces.ejercico4.sistemas_nominas.App_nominas main
INFORMACIÓN: Opcion elegida:8
mar 31, 2025 12:41:42 P. M. es.sauces.ejercico4.sistemas_nominas.App_nominas main
INFORMACIÓN: Opcion elegida:0
mar 31, 2025 12:53:47 P. M. es.sauces.ejercico4.sistemas_nominas.App_nominas main
INFORMACIÓN: Opcion elegida:1
mar 31, 2025 12:54:01 P. M. es.sauces.ejercico4.sistemas_nominas.App_nominas main
INFORMACIÓN: Opcion elegida:1
mar 31, 2025 12:54:26 P. M. es.sauces.ejercico4.sistemas_nominas.App_nominas main
INFORMACIÓN: Opcion elegida:7
mar 31, 2025 12:55:16 P. M. es.sauces.ejercico4.sistemas_nominas.App_nominas main
INFORMACIÓN: Opcion elegida:8
mar 31, 2025 12:55:26 P. M. es.sauces.ejercico4.sistemas_nominas.App_nominas main
INFORMACIÓN: Opcion elegida:4
abr 01, 2025 12:36:49 P. M. es.sauces.ejercico4.sistemas_nominas.App_nominas main
INFORMACIÓN: Opcion elegida:1
abr 01, 2025 12:37:14 P. M. es.sauces.ejercico4.sistemas_nominas.App_nominas main
INFORMACIÓN: Opcion elegida:0
abr 01, 2025 12:37:29 P. M. es.sauces.ejercico4.sistemas_nominas.App_nominas main
INFORMACIÓN: Opcion elegida:1
abr 01, 2025 12:37:42 P. M. es.sauces.ejercico4.sistemas_nominas.App_nominas main
INFORMACIÓN: Opcion elegida:8
abr 01, 2025 12:37:59 P. M. es.sauces.ejercico4.sistemas_nominas.App_nominas main
INFORMACIÓN: Opcion elegida:7
abr 01, 2025 12:46:03 P. M. es.sauces.ejercico4.sistemas_nominas.App_nominas main
INFORMACIÓN: Opcion elegida:1
abr 01, 2025 12:46:17 P. M. es.sauces.ejercico4.sistemas_nominas.App_nominas main
INFORMACIÓN: Opcion elegida:7
abr 01, 2025 12:57:11 P. M. es.sauces.ejercico4.sistemas_nominas.App_nominas main
INFORMACIÓN: Opcion elegida:1
abr 01, 2025 12:57:23 P. M. es.sauces.ejercico4.sistemas_nominas.App_nominas main
INFORMACIÓN: Opcion elegida:7
abr 01, 2025 1:00:59 P. M. es.sauces.ejercico4.sistemas_nominas.App_nominas main
INFORMACIÓN: Opcion elegida:1
abr 01, 2025 1:01:09 P. M. es.sauces.ejercico4.sistemas_nominas.App_nominas main
INFORMACIÓN: Opcion elegida:7
abr 01, 2025 1:06:28 P. M. es.sauces.ejercico4.sistemas_nominas.App_nominas main
INFORMACIÓN: Opcion elegida:1
abr 01, 2025 1:06:40 P. M. es.sauces.ejercico4.sistemas_nominas.App_nominas main
INFORMACIÓN: Opcion elegida:7
abr 01, 2025 1:17:47 P. M. es.sauces.ejercico4.sistemas_nominas.App_nominas main
INFORMACIÓN: Opcion elegida:1
abr 01, 2025 1:18:00 P. M. es.sauces.ejercico4.sistemas_nominas.App_nominas main
INFORMACIÓN: Opcion elegida:7
abr 01, 2025 1:18:18 P. M. es.sauces.ejercico4.sistemas_nominas.App_nominas main
INFORMACIÓN: Opcion elegida:0
abr 01, 2025 1:18:37 P. M. es.sauces.ejercico4.sistemas_nominas.App_nominas main
INFORMACIÓN: Opcion elegida:1
abr 01, 2025 1:18:47 P. M. es.sauces.ejercico4.sistemas_nominas.App_nominas main
INFORMACIÓN: Opcion elegida:1
abr 01, 2025 1:19:06 P. M. es.sauces.ejercico4.sistemas_nominas.App_nominas main
INFORMACIÓN: Opcion elegida:7
abr 01, 2025 1:27:23 P. M. es.sauces.ejercico4.sistemas_nominas.App_nominas main
INFORMACIÓN: Opcion elegida:8
abr 01, 2025 1:27:35 P. M. es.sauces.ejercico4.sistemas_nominas.App_nominas main
INFORMACIÓN: Opcion elegida:4
abr 01, 2025 1:42:17 P. M. es.sauces.ejercico4.sistemas_nominas.App_nominas main
INFORMACIÓN: Opcion elegida:8
abr 01, 2025 1:43:28 P. M. es.sauces.ejercico4.sistemas_nominas.App_nominas main
INFORMACIÓN: Opcion elegida:8
abr 01, 2025 1:43:37 P. M. es.sauces.ejercico4.sistemas_nominas.App_nominas main
INFORMACIÓN: Opcion elegida:4
abr 01, 2025 1:43:52 P. M. es.sauces.ejercico4.sistemas_nominas.App_nominas main
INFORMACIÓN: Opcion elegida:0
abr 03, 2025 1:55:30 P. M. es.sauces.ejercico4.sistemas_nominas.App_nominas main
INFORMACIÓN: Opcion elegida:1
abr 09, 2025 12:21:46 P. M. es.sauces.ejercico4.sistemas_nominas.App_nominas main
INFORMACIÓN: Opcion elegida:1
